21:06:49 **** Incremental Build of configuration Debug for project F334Control_nucleo ****
make -j4 all 
arm-none-eabi-gcc "../Midware/Src/GUI.c" -mcpu=cortex-m4 -std=gnu11 -g3 -DDEBUG -DUSE_HAL_DRIVER -DSTM32F334x8 -c -I../Core/Inc -I../Drivers/STM32F3xx_HAL_Driver/Inc -I../Drivers/STM32F3xx_HAL_Driver/Inc/Legacy -I../Drivers/CMSIS/Device/ST/STM32F3xx/Include -I../Drivers/CMSIS/Include -I"C:/git_project/stm32F334_HAL_Control/F334Control_nucleo/Basic/Inc" -I"C:/git_project/stm32F334_HAL_Control/F334Control_nucleo/Midware/Inc" -I"C:/git_project/stm32F334_HAL_Control/F334Control_nucleo/Hardware/Inc" -O0 -ffunction-sections -fdata-sections -Wall -fstack-usage -MMD -MP -MF"Midware/Src/GUI.d" -MT"Midware/Src/GUI.o" --specs=nano.specs -mfpu=fpv4-sp-d16 -mfloat-abi=hard -mthumb -o "Midware/Src/GUI.o"
arm-none-eabi-gcc "../Hardware/Src/lcd7735.c" -mcpu=cortex-m4 -std=gnu11 -g3 -DDEBUG -DUSE_HAL_DRIVER -DSTM32F334x8 -c -I../Core/Inc -I../Drivers/STM32F3xx_HAL_Driver/Inc -I../Drivers/STM32F3xx_HAL_Driver/Inc/Legacy -I../Drivers/CMSIS/Device/ST/STM32F3xx/Include -I../Drivers/CMSIS/Include -I"C:/git_project/stm32F334_HAL_Control/F334Control_nucleo/Basic/Inc" -I"C:/git_project/stm32F334_HAL_Control/F334Control_nucleo/Midware/Inc" -I"C:/git_project/stm32F334_HAL_Control/F334Control_nucleo/Hardware/Inc" -O0 -ffunction-sections -fdata-sections -Wall -fstack-usage -MMD -MP -MF"Hardware/Src/lcd7735.d" -MT"Hardware/Src/lcd7735.o" --specs=nano.specs -mfpu=fpv4-sp-d16 -mfloat-abi=hard -mthumb -o "Hardware/Src/lcd7735.o"
arm-none-eabi-gcc "../Hardware/Src/ssd1309.c" -mcpu=cortex-m4 -std=gnu11 -g3 -DDEBUG -DUSE_HAL_DRIVER -DSTM32F334x8 -c -I../Core/Inc -I../Drivers/STM32F3xx_HAL_Driver/Inc -I../Drivers/STM32F3xx_HAL_Driver/Inc/Legacy -I../Drivers/CMSIS/Device/ST/STM32F3xx/Include -I../Drivers/CMSIS/Include -I"C:/git_project/stm32F334_HAL_Control/F334Control_nucleo/Basic/Inc" -I"C:/git_project/stm32F334_HAL_Control/F334Control_nucleo/Midware/Inc" -I"C:/git_project/stm32F334_HAL_Control/F334Control_nucleo/Hardware/Inc" -O0 -ffunction-sections -fdata-sections -Wall -fstack-usage -MMD -MP -MF"Hardware/Src/ssd1309.d" -MT"Hardware/Src/ssd1309.o" --specs=nano.specs -mfpu=fpv4-sp-d16 -mfloat-abi=hard -mthumb -o "Hardware/Src/ssd1309.o"
arm-none-eabi-gcc "../Drivers/STM32F3xx_HAL_Driver/Src/stm32f3xx_hal.c" -mcpu=cortex-m4 -std=gnu11 -g3 -DDEBUG -DUSE_HAL_DRIVER -DSTM32F334x8 -c -I../Core/Inc -I../Drivers/STM32F3xx_HAL_Driver/Inc -I../Drivers/STM32F3xx_HAL_Driver/Inc/Legacy -I../Drivers/CMSIS/Device/ST/STM32F3xx/Include -I../Drivers/CMSIS/Include -I"C:/git_project/stm32F334_HAL_Control/F334Control_nucleo/Basic/Inc" -I"C:/git_project/stm32F334_HAL_Control/F334Control_nucleo/Midware/Inc" -I"C:/git_project/stm32F334_HAL_Control/F334Control_nucleo/Hardware/Inc" -O0 -ffunction-sections -fdata-sections -Wall -fstack-usage -MMD -MP -MF"Drivers/STM32F3xx_HAL_Driver/Src/stm32f3xx_hal.d" -MT"Drivers/STM32F3xx_HAL_Driver/Src/stm32f3xx_hal.o" --specs=nano.specs -mfpu=fpv4-sp-d16 -mfloat-abi=hard -mthumb -o "Drivers/STM32F3xx_HAL_Driver/Src/stm32f3xx_hal.o"
../Midware/Src/GUI.c: In function 'English_Font_test':
../Midware/Src/GUI.c:560:15: warning: pointer targets in passing argument 1 of 'DrawTestPage' differ in signedness [-Wpointer-sign]
  560 |  DrawTestPage("English Test");
      |               ^~~~~~~~~~~~~~
      |               |
      |               char *
In file included from ../Midware/Src/GUI.c:1:
C:/git_project/stm32F334_HAL_Control/F334Control_nucleo/Midware/Inc/gui.h:31:23: note: expected 'u8 *' {aka 'unsigned char *'} but argument is of type 'char *'
   31 | void DrawTestPage(u8 *str);
      |                   ~~~~^~~
../Midware/Src/GUI.c:561:29: warning: pointer targets in passing argument 5 of 'Show_Str' differ in signedness [-Wpointer-sign]
  561 |  Show_Str(10,22,BLUE,YELLOW,"6X12:abcdefgh01234567",12,0);
      |                             ^~~~~~~~~~~~~~~~~~~~~~~
      |                             |
      |                             char *
../Midware/Src/GUI.c:467:49: note: expected 'u8 *' {aka 'unsigned char *'} but argument is of type 'char *'
  467 | void Show_Str(u16 x, u16 y, u16 fc, u16 bc, u8 *str,u8 size,u8 mode)
      |                                             ~~~~^~~
../Midware/Src/GUI.c:562:29: warning: pointer targets in passing argument 5 of 'Show_Str' differ in signedness [-Wpointer-sign]
  562 |  Show_Str(10,34,BLUE,YELLOW,"6X12:ABCDEFGH01234567",12,1);
      |                             ^~~~~~~~~~~~~~~~~~~~~~~
      |                             |
      |                             char *
../Midware/Src/GUI.c:467:49: note: expected 'u8 *' {aka 'unsigned char *'} but argument is of type 'char *'
  467 | void Show_Str(u16 x, u16 y, u16 fc, u16 bc, u8 *str,u8 size,u8 mode)
      |                                             ~~~~^~~
../Midware/Src/GUI.c:563:29: warning: pointer targets in passing argument 5 of 'Show_Str' differ in signedness [-Wpointer-sign]
  563 |  Show_Str(10,47,BLUE,YELLOW,"6X12:~!@#$%^&*()_+{}:",12,0);
      |                             ^~~~~~~~~~~~~~~~~~~~~~~
      |                             |
      |                             char *
../Midware/Src/GUI.c:467:49: note: expected 'u8 *' {aka 'unsigned char *'} but argument is of type 'char *'
  467 | void Show_Str(u16 x, u16 y, u16 fc, u16 bc, u8 *str,u8 size,u8 mode)
      |                                             ~~~~^~~
../Midware/Src/GUI.c:564:29: warning: pointer targets in passing argument 5 of 'Show_Str' differ in signedness [-Wpointer-sign]
  564 |  Show_Str(10,60,BLUE,YELLOW,"8X16:abcde01234",16,0);
      |                             ^~~~~~~~~~~~~~~~~
      |                             |
      |                             char *
../Midware/Src/GUI.c:467:49: note: expected 'u8 *' {aka 'unsigned char *'} but argument is of type 'char *'
  467 | void Show_Str(u16 x, u16 y, u16 fc, u16 bc, u8 *str,u8 size,u8 mode)
      |                                             ~~~~^~~
../Midware/Src/GUI.c:565:29: warning: pointer targets in passing argument 5 of 'Show_Str' differ in signedness [-Wpointer-sign]
  565 |  Show_Str(10,76,BLUE,YELLOW,"8X16:ABCDE01234",16,1);
      |                             ^~~~~~~~~~~~~~~~~
      |                             |
      |                             char *
../Midware/Src/GUI.c:467:49: note: expected 'u8 *' {aka 'unsigned char *'} but argument is of type 'char *'
  467 | void Show_Str(u16 x, u16 y, u16 fc, u16 bc, u8 *str,u8 size,u8 mode)
      |                                             ~~~~^~~
../Midware/Src/GUI.c:566:29: warning: pointer targets in passing argument 5 of 'Show_Str' differ in signedness [-Wpointer-sign]
  566 |  Show_Str(10,92,BLUE,YELLOW,"8X16:~!@#$%^&*()",16,0);
      |                             ^~~~~~~~~~~~~~~~~~
      |                             |
      |                             char *
../Midware/Src/GUI.c:467:49: note: expected 'u8 *' {aka 'unsigned char *'} but argument is of type 'char *'
  467 | void Show_Str(u16 x, u16 y, u16 fc, u16 bc, u8 *str,u8 size,u8 mode)
      |                                             ~~~~^~~
../Midware/Src/GUI.c: In function 'DrawTestPage':
../Midware/Src/GUI.c:577:45: warning: pointer targets in passing argument 5 of 'Gui_StrCenter' differ in signedness [-Wpointer-sign]
  577 | Gui_StrCenter(0,lcddev.height-18,WHITE,BLUE,"thank you!!!",16,1);
      |                                             ^~~~~~~~~~~~~~
      |                                             |
      |                                             char *
../Midware/Src/GUI.c:521:54: note: expected 'u8 *' {aka 'unsigned char *'} but argument is of type 'char *'
  521 | void Gui_StrCenter(u16 x, u16 y, u16 fc, u16 bc, u8 *str,u8 size,u8 mode)
      |                                                  ~~~~^~~
arm-none-eabi-gcc "../Drivers/STM32F3xx_HAL_Driver/Src/stm32f3xx_hal_adc.c" -mcpu=cortex-m4 -std=gnu11 -g3 -DDEBUG -DUSE_HAL_DRIVER -DSTM32F334x8 -c -I../Core/Inc -I../Drivers/STM32F3xx_HAL_Driver/Inc -I../Drivers/STM32F3xx_HAL_Driver/Inc/Legacy -I../Drivers/CMSIS/Device/ST/STM32F3xx/Include -I../Drivers/CMSIS/Include -I"C:/git_project/stm32F334_HAL_Control/F334Control_nucleo/Basic/Inc" -I"C:/git_project/stm32F334_HAL_Control/F334Control_nucleo/Midware/Inc" -I"C:/git_project/stm32F334_HAL_Control/F334Control_nucleo/Hardware/Inc" -O0 -ffunction-sections -fdata-sections -Wall -fstack-usage -MMD -MP -MF"Drivers/STM32F3xx_HAL_Driver/Src/stm32f3xx_hal_adc.d" -MT"Drivers/STM32F3xx_HAL_Driver/Src/stm32f3xx_hal_adc.o" --specs=nano.specs -mfpu=fpv4-sp-d16 -mfloat-abi=hard -mthumb -o "Drivers/STM32F3xx_HAL_Driver/Src/stm32f3xx_hal_adc.o"
arm-none-eabi-gcc "../Drivers/STM32F3xx_HAL_Driver/Src/stm32f3xx_hal_adc_ex.c" -mcpu=cortex-m4 -std=gnu11 -g3 -DDEBUG -DUSE_HAL_DRIVER -DSTM32F334x8 -c -I../Core/Inc -I../Drivers/STM32F3xx_HAL_Driver/Inc -I../Drivers/STM32F3xx_HAL_Driver/Inc/Legacy -I../Drivers/CMSIS/Device/ST/STM32F3xx/Include -I../Drivers/CMSIS/Include -I"C:/git_project/stm32F334_HAL_Control/F334Control_nucleo/Basic/Inc" -I"C:/git_project/stm32F334_HAL_Control/F334Control_nucleo/Midware/Inc" -I"C:/git_project/stm32F334_HAL_Control/F334Control_nucleo/Hardware/Inc" -O0 -ffunction-sections -fdata-sections -Wall -fstack-usage -MMD -MP -MF"Drivers/STM32F3xx_HAL_Driver/Src/stm32f3xx_hal_adc_ex.d" -MT"Drivers/STM32F3xx_HAL_Driver/Src/stm32f3xx_hal_adc_ex.o" --specs=nano.specs -mfpu=fpv4-sp-d16 -mfloat-abi=hard -mthumb -o "Drivers/STM32F3xx_HAL_Driver/Src/stm32f3xx_hal_adc_ex.o"
arm-none-eabi-gcc "../Drivers/STM32F3xx_HAL_Driver/Src/stm32f3xx_hal_cortex.c" -mcpu=cortex-m4 -std=gnu11 -g3 -DDEBUG -DUSE_HAL_DRIVER -DSTM32F334x8 -c -I../Core/Inc -I../Drivers/STM32F3xx_HAL_Driver/Inc -I../Drivers/STM32F3xx_HAL_Driver/Inc/Legacy -I../Drivers/CMSIS/Device/ST/STM32F3xx/Include -I../Drivers/CMSIS/Include -I"C:/git_project/stm32F334_HAL_Control/F334Control_nucleo/Basic/Inc" -I"C:/git_project/stm32F334_HAL_Control/F334Control_nucleo/Midware/Inc" -I"C:/git_project/stm32F334_HAL_Control/F334Control_nucleo/Hardware/Inc" -O0 -ffunction-sections -fdata-sections -Wall -fstack-usage -MMD -MP -MF"Drivers/STM32F3xx_HAL_Driver/Src/stm32f3xx_hal_cortex.d" -MT"Drivers/STM32F3xx_HAL_Driver/Src/stm32f3xx_hal_cortex.o" --specs=nano.specs -mfpu=fpv4-sp-d16 -mfloat-abi=hard -mthumb -o "Drivers/STM32F3xx_HAL_Driver/Src/stm32f3xx_hal_cortex.o"
arm-none-eabi-gcc "../Drivers/STM32F3xx_HAL_Driver/Src/stm32f3xx_hal_dma.c" -mcpu=cortex-m4 -std=gnu11 -g3 -DDEBUG -DUSE_HAL_DRIVER -DSTM32F334x8 -c -I../Core/Inc -I../Drivers/STM32F3xx_HAL_Driver/Inc -I../Drivers/STM32F3xx_HAL_Driver/Inc/Legacy -I../Drivers/CMSIS/Device/ST/STM32F3xx/Include -I../Drivers/CMSIS/Include -I"C:/git_project/stm32F334_HAL_Control/F334Control_nucleo/Basic/Inc" -I"C:/git_project/stm32F334_HAL_Control/F334Control_nucleo/Midware/Inc" -I"C:/git_project/stm32F334_HAL_Control/F334Control_nucleo/Hardware/Inc" -O0 -ffunction-sections -fdata-sections -Wall -fstack-usage -MMD -MP -MF"Drivers/STM32F3xx_HAL_Driver/Src/stm32f3xx_hal_dma.d" -MT"Drivers/STM32F3xx_HAL_Driver/Src/stm32f3xx_hal_dma.o" --specs=nano.specs -mfpu=fpv4-sp-d16 -mfloat-abi=hard -mthumb -o "Drivers/STM32F3xx_HAL_Driver/Src/stm32f3xx_hal_dma.o"
arm-none-eabi-gcc "../Drivers/STM32F3xx_HAL_Driver/Src/stm32f3xx_hal_exti.c" -mcpu=cortex-m4 -std=gnu11 -g3 -DDEBUG -DUSE_HAL_DRIVER -DSTM32F334x8 -c -I../Core/Inc -I../Drivers/STM32F3xx_HAL_Driver/Inc -I../Drivers/STM32F3xx_HAL_Driver/Inc/Legacy -I../Drivers/CMSIS/Device/ST/STM32F3xx/Include -I../Drivers/CMSIS/Include -I"C:/git_project/stm32F334_HAL_Control/F334Control_nucleo/Basic/Inc" -I"C:/git_project/stm32F334_HAL_Control/F334Control_nucleo/Midware/Inc" -I"C:/git_project/stm32F334_HAL_Control/F334Control_nucleo/Hardware/Inc" -O0 -ffunction-sections -fdata-sections -Wall -fstack-usage -MMD -MP -MF"Drivers/STM32F3xx_HAL_Driver/Src/stm32f3xx_hal_exti.d" -MT"Drivers/STM32F3xx_HAL_Driver/Src/stm32f3xx_hal_exti.o" --specs=nano.specs -mfpu=fpv4-sp-d16 -mfloat-abi=hard -mthumb -o "Drivers/STM32F3xx_HAL_Driver/Src/stm32f3xx_hal_exti.o"
arm-none-eabi-gcc "../Drivers/STM32F3xx_HAL_Driver/Src/stm32f3xx_hal_flash.c" -mcpu=cortex-m4 -std=gnu11 -g3 -DDEBUG -DUSE_HAL_DRIVER -DSTM32F334x8 -c -I../Core/Inc -I../Drivers/STM32F3xx_HAL_Driver/Inc -I../Drivers/STM32F3xx_HAL_Driver/Inc/Legacy -I../Drivers/CMSIS/Device/ST/STM32F3xx/Include -I../Drivers/CMSIS/Include -I"C:/git_project/stm32F334_HAL_Control/F334Control_nucleo/Basic/Inc" -I"C:/git_project/stm32F334_HAL_Control/F334Control_nucleo/Midware/Inc" -I"C:/git_project/stm32F334_HAL_Control/F334Control_nucleo/Hardware/Inc" -O0 -ffunction-sections -fdata-sections -Wall -fstack-usage -MMD -MP -MF"Drivers/STM32F3xx_HAL_Driver/Src/stm32f3xx_hal_flash.d" -MT"Drivers/STM32F3xx_HAL_Driver/Src/stm32f3xx_hal_flash.o" --specs=nano.specs -mfpu=fpv4-sp-d16 -mfloat-abi=hard -mthumb -o "Drivers/STM32F3xx_HAL_Driver/Src/stm32f3xx_hal_flash.o"
arm-none-eabi-gcc "../Drivers/STM32F3xx_HAL_Driver/Src/stm32f3xx_hal_flash_ex.c" -mcpu=cortex-m4 -std=gnu11 -g3 -DDEBUG -DUSE_HAL_DRIVER -DSTM32F334x8 -c -I../Core/Inc -I../Drivers/STM32F3xx_HAL_Driver/Inc -I../Drivers/STM32F3xx_HAL_Driver/Inc/Legacy -I../Drivers/CMSIS/Device/ST/STM32F3xx/Include -I../Drivers/CMSIS/Include -I"C:/git_project/stm32F334_HAL_Control/F334Control_nucleo/Basic/Inc" -I"C:/git_project/stm32F334_HAL_Control/F334Control_nucleo/Midware/Inc" -I"C:/git_project/stm32F334_HAL_Control/F334Control_nucleo/Hardware/Inc" -O0 -ffunction-sections -fdata-sections -Wall -fstack-usage -MMD -MP -MF"Drivers/STM32F3xx_HAL_Driver/Src/stm32f3xx_hal_flash_ex.d" -MT"Drivers/STM32F3xx_HAL_Driver/Src/stm32f3xx_hal_flash_ex.o" --specs=nano.specs -mfpu=fpv4-sp-d16 -mfloat-abi=hard -mthumb -o "Drivers/STM32F3xx_HAL_Driver/Src/stm32f3xx_hal_flash_ex.o"
arm-none-eabi-gcc "../Drivers/STM32F3xx_HAL_Driver/Src/stm32f3xx_hal_gpio.c" -mcpu=cortex-m4 -std=gnu11 -g3 -DDEBUG -DUSE_HAL_DRIVER -DSTM32F334x8 -c -I../Core/Inc -I../Drivers/STM32F3xx_HAL_Driver/Inc -I../Drivers/STM32F3xx_HAL_Driver/Inc/Legacy -I../Drivers/CMSIS/Device/ST/STM32F3xx/Include -I../Drivers/CMSIS/Include -I"C:/git_project/stm32F334_HAL_Control/F334Control_nucleo/Basic/Inc" -I"C:/git_project/stm32F334_HAL_Control/F334Control_nucleo/Midware/Inc" -I"C:/git_project/stm32F334_HAL_Control/F334Control_nucleo/Hardware/Inc" -O0 -ffunction-sections -fdata-sections -Wall -fstack-usage -MMD -MP -MF"Drivers/STM32F3xx_HAL_Driver/Src/stm32f3xx_hal_gpio.d" -MT"Drivers/STM32F3xx_HAL_Driver/Src/stm32f3xx_hal_gpio.o" --specs=nano.specs -mfpu=fpv4-sp-d16 -mfloat-abi=hard -mthumb -o "Drivers/STM32F3xx_HAL_Driver/Src/stm32f3xx_hal_gpio.o"
arm-none-eabi-gcc "../Drivers/STM32F3xx_HAL_Driver/Src/stm32f3xx_hal_i2c.c" -mcpu=cortex-m4 -std=gnu11 -g3 -DDEBUG -DUSE_HAL_DRIVER -DSTM32F334x8 -c -I../Core/Inc -I../Drivers/STM32F3xx_HAL_Driver/Inc -I../Drivers/STM32F3xx_HAL_Driver/Inc/Legacy -I../Drivers/CMSIS/Device/ST/STM32F3xx/Include -I../Drivers/CMSIS/Include -I"C:/git_project/stm32F334_HAL_Control/F334Control_nucleo/Basic/Inc" -I"C:/git_project/stm32F334_HAL_Control/F334Control_nucleo/Midware/Inc" -I"C:/git_project/stm32F334_HAL_Control/F334Control_nucleo/Hardware/Inc" -O0 -ffunction-sections -fdata-sections -Wall -fstack-usage -MMD -MP -MF"Drivers/STM32F3xx_HAL_Driver/Src/stm32f3xx_hal_i2c.d" -MT"Drivers/STM32F3xx_HAL_Driver/Src/stm32f3xx_hal_i2c.o" --specs=nano.specs -mfpu=fpv4-sp-d16 -mfloat-abi=hard -mthumb -o "Drivers/STM32F3xx_HAL_Driver/Src/stm32f3xx_hal_i2c.o"
arm-none-eabi-gcc "../Drivers/STM32F3xx_HAL_Driver/Src/stm32f3xx_hal_i2c_ex.c" -mcpu=cortex-m4 -std=gnu11 -g3 -DDEBUG -DUSE_HAL_DRIVER -DSTM32F334x8 -c -I../Core/Inc -I../Drivers/STM32F3xx_HAL_Driver/Inc -I../Drivers/STM32F3xx_HAL_Driver/Inc/Legacy -I../Drivers/CMSIS/Device/ST/STM32F3xx/Include -I../Drivers/CMSIS/Include -I"C:/git_project/stm32F334_HAL_Control/F334Control_nucleo/Basic/Inc" -I"C:/git_project/stm32F334_HAL_Control/F334Control_nucleo/Midware/Inc" -I"C:/git_project/stm32F334_HAL_Control/F334Control_nucleo/Hardware/Inc" -O0 -ffunction-sections -fdata-sections -Wall -fstack-usage -MMD -MP -MF"Drivers/STM32F3xx_HAL_Driver/Src/stm32f3xx_hal_i2c_ex.d" -MT"Drivers/STM32F3xx_HAL_Driver/Src/stm32f3xx_hal_i2c_ex.o" --specs=nano.specs -mfpu=fpv4-sp-d16 -mfloat-abi=hard -mthumb -o "Drivers/STM32F3xx_HAL_Driver/Src/stm32f3xx_hal_i2c_ex.o"
arm-none-eabi-gcc "../Drivers/STM32F3xx_HAL_Driver/Src/stm32f3xx_hal_pwr.c" -mcpu=cortex-m4 -std=gnu11 -g3 -DDEBUG -DUSE_HAL_DRIVER -DSTM32F334x8 -c -I../Core/Inc -I../Drivers/STM32F3xx_HAL_Driver/Inc -I../Drivers/STM32F3xx_HAL_Driver/Inc/Legacy -I../Drivers/CMSIS/Device/ST/STM32F3xx/Include -I../Drivers/CMSIS/Include -I"C:/git_project/stm32F334_HAL_Control/F334Control_nucleo/Basic/Inc" -I"C:/git_project/stm32F334_HAL_Control/F334Control_nucleo/Midware/Inc" -I"C:/git_project/stm32F334_HAL_Control/F334Control_nucleo/Hardware/Inc" -O0 -ffunction-sections -fdata-sections -Wall -fstack-usage -MMD -MP -MF"Drivers/STM32F3xx_HAL_Driver/Src/stm32f3xx_hal_pwr.d" -MT"Drivers/STM32F3xx_HAL_Driver/Src/stm32f3xx_hal_pwr.o" --specs=nano.specs -mfpu=fpv4-sp-d16 -mfloat-abi=hard -mthumb -o "Drivers/STM32F3xx_HAL_Driver/Src/stm32f3xx_hal_pwr.o"
arm-none-eabi-gcc "../Drivers/STM32F3xx_HAL_Driver/Src/stm32f3xx_hal_pwr_ex.c" -mcpu=cortex-m4 -std=gnu11 -g3 -DDEBUG -DUSE_HAL_DRIVER -DSTM32F334x8 -c -I../Core/Inc -I../Drivers/STM32F3xx_HAL_Driver/Inc -I../Drivers/STM32F3xx_HAL_Driver/Inc/Legacy -I../Drivers/CMSIS/Device/ST/STM32F3xx/Include -I../Drivers/CMSIS/Include -I"C:/git_project/stm32F334_HAL_Control/F334Control_nucleo/Basic/Inc" -I"C:/git_project/stm32F334_HAL_Control/F334Control_nucleo/Midware/Inc" -I"C:/git_project/stm32F334_HAL_Control/F334Control_nucleo/Hardware/Inc" -O0 -ffunction-sections -fdata-sections -Wall -fstack-usage -MMD -MP -MF"Drivers/STM32F3xx_HAL_Driver/Src/stm32f3xx_hal_pwr_ex.d" -MT"Drivers/STM32F3xx_HAL_Driver/Src/stm32f3xx_hal_pwr_ex.o" --specs=nano.specs -mfpu=fpv4-sp-d16 -mfloat-abi=hard -mthumb -o "Drivers/STM32F3xx_HAL_Driver/Src/stm32f3xx_hal_pwr_ex.o"
arm-none-eabi-gcc "../Drivers/STM32F3xx_HAL_Driver/Src/stm32f3xx_hal_rcc.c" -mcpu=cortex-m4 -std=gnu11 -g3 -DDEBUG -DUSE_HAL_DRIVER -DSTM32F334x8 -c -I../Core/Inc -I../Drivers/STM32F3xx_HAL_Driver/Inc -I../Drivers/STM32F3xx_HAL_Driver/Inc/Legacy -I../Drivers/CMSIS/Device/ST/STM32F3xx/Include -I../Drivers/CMSIS/Include -I"C:/git_project/stm32F334_HAL_Control/F334Control_nucleo/Basic/Inc" -I"C:/git_project/stm32F334_HAL_Control/F334Control_nucleo/Midware/Inc" -I"C:/git_project/stm32F334_HAL_Control/F334Control_nucleo/Hardware/Inc" -O0 -ffunction-sections -fdata-sections -Wall -fstack-usage -MMD -MP -MF"Drivers/STM32F3xx_HAL_Driver/Src/stm32f3xx_hal_rcc.d" -MT"Drivers/STM32F3xx_HAL_Driver/Src/stm32f3xx_hal_rcc.o" --specs=nano.specs -mfpu=fpv4-sp-d16 -mfloat-abi=hard -mthumb -o "Drivers/STM32F3xx_HAL_Driver/Src/stm32f3xx_hal_rcc.o"
arm-none-eabi-gcc "../Drivers/STM32F3xx_HAL_Driver/Src/stm32f3xx_hal_rcc_ex.c" -mcpu=cortex-m4 -std=gnu11 -g3 -DDEBUG -DUSE_HAL_DRIVER -DSTM32F334x8 -c -I../Core/Inc -I../Drivers/STM32F3xx_HAL_Driver/Inc -I../Drivers/STM32F3xx_HAL_Driver/Inc/Legacy -I../Drivers/CMSIS/Device/ST/STM32F3xx/Include -I../Drivers/CMSIS/Include -I"C:/git_project/stm32F334_HAL_Control/F334Control_nucleo/Basic/Inc" -I"C:/git_project/stm32F334_HAL_Control/F334Control_nucleo/Midware/Inc" -I"C:/git_project/stm32F334_HAL_Control/F334Control_nucleo/Hardware/Inc" -O0 -ffunction-sections -fdata-sections -Wall -fstack-usage -MMD -MP -MF"Drivers/STM32F3xx_HAL_Driver/Src/stm32f3xx_hal_rcc_ex.d" -MT"Drivers/STM32F3xx_HAL_Driver/Src/stm32f3xx_hal_rcc_ex.o" --specs=nano.specs -mfpu=fpv4-sp-d16 -mfloat-abi=hard -mthumb -o "Drivers/STM32F3xx_HAL_Driver/Src/stm32f3xx_hal_rcc_ex.o"
arm-none-eabi-gcc "../Drivers/STM32F3xx_HAL_Driver/Src/stm32f3xx_hal_spi.c" -mcpu=cortex-m4 -std=gnu11 -g3 -DDEBUG -DUSE_HAL_DRIVER -DSTM32F334x8 -c -I../Core/Inc -I../Drivers/STM32F3xx_HAL_Driver/Inc -I../Drivers/STM32F3xx_HAL_Driver/Inc/Legacy -I../Drivers/CMSIS/Device/ST/STM32F3xx/Include -I../Drivers/CMSIS/Include -I"C:/git_project/stm32F334_HAL_Control/F334Control_nucleo/Basic/Inc" -I"C:/git_project/stm32F334_HAL_Control/F334Control_nucleo/Midware/Inc" -I"C:/git_project/stm32F334_HAL_Control/F334Control_nucleo/Hardware/Inc" -O0 -ffunction-sections -fdata-sections -Wall -fstack-usage -MMD -MP -MF"Drivers/STM32F3xx_HAL_Driver/Src/stm32f3xx_hal_spi.d" -MT"Drivers/STM32F3xx_HAL_Driver/Src/stm32f3xx_hal_spi.o" --specs=nano.specs -mfpu=fpv4-sp-d16 -mfloat-abi=hard -mthumb -o "Drivers/STM32F3xx_HAL_Driver/Src/stm32f3xx_hal_spi.o"
arm-none-eabi-gcc "../Drivers/STM32F3xx_HAL_Driver/Src/stm32f3xx_hal_spi_ex.c" -mcpu=cortex-m4 -std=gnu11 -g3 -DDEBUG -DUSE_HAL_DRIVER -DSTM32F334x8 -c -I../Core/Inc -I../Drivers/STM32F3xx_HAL_Driver/Inc -I../Drivers/STM32F3xx_HAL_Driver/Inc/Legacy -I../Drivers/CMSIS/Device/ST/STM32F3xx/Include -I../Drivers/CMSIS/Include -I"C:/git_project/stm32F334_HAL_Control/F334Control_nucleo/Basic/Inc" -I"C:/git_project/stm32F334_HAL_Control/F334Control_nucleo/Midware/Inc" -I"C:/git_project/stm32F334_HAL_Control/F334Control_nucleo/Hardware/Inc" -O0 -ffunction-sections -fdata-sections -Wall -fstack-usage -MMD -MP -MF"Drivers/STM32F3xx_HAL_Driver/Src/stm32f3xx_hal_spi_ex.d" -MT"Drivers/STM32F3xx_HAL_Driver/Src/stm32f3xx_hal_spi_ex.o" --specs=nano.specs -mfpu=fpv4-sp-d16 -mfloat-abi=hard -mthumb -o "Drivers/STM32F3xx_HAL_Driver/Src/stm32f3xx_hal_spi_ex.o"
arm-none-eabi-gcc "../Drivers/STM32F3xx_HAL_Driver/Src/stm32f3xx_hal_tim.c" -mcpu=cortex-m4 -std=gnu11 -g3 -DDEBUG -DUSE_HAL_DRIVER -DSTM32F334x8 -c -I../Core/Inc -I../Drivers/STM32F3xx_HAL_Driver/Inc -I../Drivers/STM32F3xx_HAL_Driver/Inc/Legacy -I../Drivers/CMSIS/Device/ST/STM32F3xx/Include -I../Drivers/CMSIS/Include -I"C:/git_project/stm32F334_HAL_Control/F334Control_nucleo/Basic/Inc" -I"C:/git_project/stm32F334_HAL_Control/F334Control_nucleo/Midware/Inc" -I"C:/git_project/stm32F334_HAL_Control/F334Control_nucleo/Hardware/Inc" -O0 -ffunction-sections -fdata-sections -Wall -fstack-usage -MMD -MP -MF"Drivers/STM32F3xx_HAL_Driver/Src/stm32f3xx_hal_tim.d" -MT"Drivers/STM32F3xx_HAL_Driver/Src/stm32f3xx_hal_tim.o" --specs=nano.specs -mfpu=fpv4-sp-d16 -mfloat-abi=hard -mthumb -o "Drivers/STM32F3xx_HAL_Driver/Src/stm32f3xx_hal_tim.o"
arm-none-eabi-gcc "../Drivers/STM32F3xx_HAL_Driver/Src/stm32f3xx_hal_tim_ex.c" -mcpu=cortex-m4 -std=gnu11 -g3 -DDEBUG -DUSE_HAL_DRIVER -DSTM32F334x8 -c -I../Core/Inc -I../Drivers/STM32F3xx_HAL_Driver/Inc -I../Drivers/STM32F3xx_HAL_Driver/Inc/Legacy -I../Drivers/CMSIS/Device/ST/STM32F3xx/Include -I../Drivers/CMSIS/Include -I"C:/git_project/stm32F334_HAL_Control/F334Control_nucleo/Basic/Inc" -I"C:/git_project/stm32F334_HAL_Control/F334Control_nucleo/Midware/Inc" -I"C:/git_project/stm32F334_HAL_Control/F334Control_nucleo/Hardware/Inc" -O0 -ffunction-sections -fdata-sections -Wall -fstack-usage -MMD -MP -MF"Drivers/STM32F3xx_HAL_Driver/Src/stm32f3xx_hal_tim_ex.d" -MT"Drivers/STM32F3xx_HAL_Driver/Src/stm32f3xx_hal_tim_ex.o" --specs=nano.specs -mfpu=fpv4-sp-d16 -mfloat-abi=hard -mthumb -o "Drivers/STM32F3xx_HAL_Driver/Src/stm32f3xx_hal_tim_ex.o"
arm-none-eabi-gcc "../Drivers/STM32F3xx_HAL_Driver/Src/stm32f3xx_hal_uart.c" -mcpu=cortex-m4 -std=gnu11 -g3 -DDEBUG -DUSE_HAL_DRIVER -DSTM32F334x8 -c -I../Core/Inc -I../Drivers/STM32F3xx_HAL_Driver/Inc -I../Drivers/STM32F3xx_HAL_Driver/Inc/Legacy -I../Drivers/CMSIS/Device/ST/STM32F3xx/Include -I../Drivers/CMSIS/Include -I"C:/git_project/stm32F334_HAL_Control/F334Control_nucleo/Basic/Inc" -I"C:/git_project/stm32F334_HAL_Control/F334Control_nucleo/Midware/Inc" -I"C:/git_project/stm32F334_HAL_Control/F334Control_nucleo/Hardware/Inc" -O0 -ffunction-sections -fdata-sections -Wall -fstack-usage -MMD -MP -MF"Drivers/STM32F3xx_HAL_Driver/Src/stm32f3xx_hal_uart.d" -MT"Drivers/STM32F3xx_HAL_Driver/Src/stm32f3xx_hal_uart.o" --specs=nano.specs -mfpu=fpv4-sp-d16 -mfloat-abi=hard -mthumb -o "Drivers/STM32F3xx_HAL_Driver/Src/stm32f3xx_hal_uart.o"
arm-none-eabi-gcc "../Drivers/STM32F3xx_HAL_Driver/Src/stm32f3xx_hal_uart_ex.c" -mcpu=cortex-m4 -std=gnu11 -g3 -DDEBUG -DUSE_HAL_DRIVER -DSTM32F334x8 -c -I../Core/Inc -I../Drivers/STM32F3xx_HAL_Driver/Inc -I../Drivers/STM32F3xx_HAL_Driver/Inc/Legacy -I../Drivers/CMSIS/Device/ST/STM32F3xx/Include -I../Drivers/CMSIS/Include -I"C:/git_project/stm32F334_HAL_Control/F334Control_nucleo/Basic/Inc" -I"C:/git_project/stm32F334_HAL_Control/F334Control_nucleo/Midware/Inc" -I"C:/git_project/stm32F334_HAL_Control/F334Control_nucleo/Hardware/Inc" -O0 -ffunction-sections -fdata-sections -Wall -fstack-usage -MMD -MP -MF"Drivers/STM32F3xx_HAL_Driver/Src/stm32f3xx_hal_uart_ex.d" -MT"Drivers/STM32F3xx_HAL_Driver/Src/stm32f3xx_hal_uart_ex.o" --specs=nano.specs -mfpu=fpv4-sp-d16 -mfloat-abi=hard -mthumb -o "Drivers/STM32F3xx_HAL_Driver/Src/stm32f3xx_hal_uart_ex.o"
arm-none-eabi-gcc "../Core/Src/main.c" -mcpu=cortex-m4 -std=gnu11 -g3 -DDEBUG -DUSE_HAL_DRIVER -DSTM32F334x8 -c -I../Core/Inc -I../Drivers/STM32F3xx_HAL_Driver/Inc -I../Drivers/STM32F3xx_HAL_Driver/Inc/Legacy -I../Drivers/CMSIS/Device/ST/STM32F3xx/Include -I../Drivers/CMSIS/Include -I"C:/git_project/stm32F334_HAL_Control/F334Control_nucleo/Basic/Inc" -I"C:/git_project/stm32F334_HAL_Control/F334Control_nucleo/Midware/Inc" -I"C:/git_project/stm32F334_HAL_Control/F334Control_nucleo/Hardware/Inc" -O0 -ffunction-sections -fdata-sections -Wall -fstack-usage -MMD -MP -MF"Core/Src/main.d" -MT"Core/Src/main.o" --specs=nano.specs -mfpu=fpv4-sp-d16 -mfloat-abi=hard -mthumb -o "Core/Src/main.o"
arm-none-eabi-gcc "../Core/Src/stm32f3xx_hal_msp.c" -mcpu=cortex-m4 -std=gnu11 -g3 -DDEBUG -DUSE_HAL_DRIVER -DSTM32F334x8 -c -I../Core/Inc -I../Drivers/STM32F3xx_HAL_Driver/Inc -I../Drivers/STM32F3xx_HAL_Driver/Inc/Legacy -I../Drivers/CMSIS/Device/ST/STM32F3xx/Include -I../Drivers/CMSIS/Include -I"C:/git_project/stm32F334_HAL_Control/F334Control_nucleo/Basic/Inc" -I"C:/git_project/stm32F334_HAL_Control/F334Control_nucleo/Midware/Inc" -I"C:/git_project/stm32F334_HAL_Control/F334Control_nucleo/Hardware/Inc" -O0 -ffunction-sections -fdata-sections -Wall -fstack-usage -MMD -MP -MF"Core/Src/stm32f3xx_hal_msp.d" -MT"Core/Src/stm32f3xx_hal_msp.o" --specs=nano.specs -mfpu=fpv4-sp-d16 -mfloat-abi=hard -mthumb -o "Core/Src/stm32f3xx_hal_msp.o"
arm-none-eabi-gcc "../Core/Src/stm32f3xx_it.c" -mcpu=cortex-m4 -std=gnu11 -g3 -DDEBUG -DUSE_HAL_DRIVER -DSTM32F334x8 -c -I../Core/Inc -I../Drivers/STM32F3xx_HAL_Driver/Inc -I../Drivers/STM32F3xx_HAL_Driver/Inc/Legacy -I../Drivers/CMSIS/Device/ST/STM32F3xx/Include -I../Drivers/CMSIS/Include -I"C:/git_project/stm32F334_HAL_Control/F334Control_nucleo/Basic/Inc" -I"C:/git_project/stm32F334_HAL_Control/F334Control_nucleo/Midware/Inc" -I"C:/git_project/stm32F334_HAL_Control/F334Control_nucleo/Hardware/Inc" -O0 -ffunction-sections -fdata-sections -Wall -fstack-usage -MMD -MP -MF"Core/Src/stm32f3xx_it.d" -MT"Core/Src/stm32f3xx_it.o" --specs=nano.specs -mfpu=fpv4-sp-d16 -mfloat-abi=hard -mthumb -o "Core/Src/stm32f3xx_it.o"
../Core/Src/main.c:94:10: warning: built-in function 'sin' declared as non-function [-Wbuiltin-declaration-mismatch]
   94 | uint16_t sin[] = {
      |          ^~~
../Core/Src/main.c: In function 'main':
../Core/Src/main.c:159:5: error: 'AD_Value' undeclared (first use in this function)
  159 |     AD_Value = HAL_ADC_GetValue(&hadc1);//ËØªÂèñADCËΩ¨Êç¢Êï∞ÊçÆÔºåÊï∞ÊçÆ‰∏∫12‰Ω?
      |     ^~~~~~~~
../Core/Src/main.c:159:5: note: each undeclared identifier is reported only once for each function it appears in
arm-none-eabi-gcc "../Core/Src/system_stm32f3xx.c" -mcpu=cortex-m4 -std=gnu11 -g3 -DDEBUG -DUSE_HAL_DRIVER -DSTM32F334x8 -c -I../Core/Inc -I../Drivers/STM32F3xx_HAL_Driver/Inc -I../Drivers/STM32F3xx_HAL_Driver/Inc/Legacy -I../Drivers/CMSIS/Device/ST/STM32F3xx/Include -I../Drivers/CMSIS/Include -I"C:/git_project/stm32F334_HAL_Control/F334Control_nucleo/Basic/Inc" -I"C:/git_project/stm32F334_HAL_Control/F334Control_nucleo/Midware/Inc" -I"C:/git_project/stm32F334_HAL_Control/F334Control_nucleo/Hardware/Inc" -O0 -ffunction-sections -fdata-sections -Wall -fstack-usage -MMD -MP -MF"Core/Src/system_stm32f3xx.d" -MT"Core/Src/system_stm32f3xx.o" --specs=nano.specs -mfpu=fpv4-sp-d16 -mfloat-abi=hard -mthumb -o "Core/Src/system_stm32f3xx.o"
../Core/Src/main.c: In function 'HAL_TIM_PeriodElapsedCallback':
../Core/Src/main.c:490:3: warning: implicit declaration of function '_HAL_TIM_SET_COMPARE' [-Wimplicit-function-declaration]
  490 |   _HAL_TIM_SET_COMPARE(&htim1, TIM_CHANNEL_1, sin[i]); //Áî±ÂêëÈáèË°®‰øÆÊîπÂç†Á©∫Ôø??
      |   ^~~~~~~~~~~~~~~~~~~~
make: *** [Core/Src/subdir.mk:34: Core/Src/main.o] Error 1
make: *** Waiting for unfinished jobs....
"make -j4 all" terminated with exit code 2. Build might be incomplete.

21:06:54 Build Failed. 3 errors, 10 warnings. (took 4s.625ms)

